c:\users\exavadeathwitch\documents\github\enhanced-plugin-template\x64\release\api plugin.lib
c:\users\exavadeathwitch\documents\github\enhanced-plugin-template\x64\release\api plugin.exp
c:\users\exavadeathwitch\documents\github\enhanced-plugin-template\api plugin\x64\release\vcpkg.applocal.log
c:\users\exavadeathwitch\documents\github\enhanced-plugin-template\api plugin\x64\release\vc143.pdb
c:\users\exavadeathwitch\documents\github\enhanced-plugin-template\api plugin\x64\release\message.obj
c:\users\exavadeathwitch\documents\github\enhanced-plugin-template\api plugin\x64\release\main.obj
c:\users\exavadeathwitch\documents\github\enhanced-plugin-template\api plugin\x64\release\hooks.obj
c:\users\exavadeathwitch\documents\github\enhanced-plugin-template\api plugin\x64\release\vc142.pdb
c:\users\exavadeathwitch\documents\github\enhanced-plugin-template\api plugin\x64\release\api plugin.ipdb
c:\users\exavadeathwitch\documents\github\enhanced-plugin-template\api plugin\x64\release\api plugin.iobj
c:\users\exavadeathwitch\documents\github\enhanced-plugin-template\x64\release\api plugin.pdb
c:\users\exavadeathwitch\documents\github\enhanced-plugin-template\api plugin\x64\release\api plugin.tlog\api plugin.write.1u.tlog
c:\users\exavadeathwitch\documents\github\enhanced-plugin-template\api plugin\x64\release\api plugin.tlog\cl.command.1.tlog
c:\users\exavadeathwitch\documents\github\enhanced-plugin-template\api plugin\x64\release\api plugin.tlog\cl.read.1.tlog
c:\users\exavadeathwitch\documents\github\enhanced-plugin-template\api plugin\x64\release\api plugin.tlog\cl.write.1.tlog
c:\users\exavadeathwitch\documents\github\enhanced-plugin-template\api plugin\x64\release\api plugin.tlog\link.command.1.tlog
c:\users\exavadeathwitch\documents\github\enhanced-plugin-template\api plugin\x64\release\api plugin.tlog\link.delete.1.tlog
c:\users\exavadeathwitch\documents\github\enhanced-plugin-template\api plugin\x64\release\api plugin.tlog\link.read.1.tlog
c:\users\exavadeathwitch\documents\github\enhanced-plugin-template\api plugin\x64\release\api plugin.tlog\link.read.19.tlog
c:\users\exavadeathwitch\documents\github\enhanced-plugin-template\api plugin\x64\release\api plugin.tlog\link.write.1.tlog
